Feb 07 13:28:14 inf_ > Ininciando ejecución de: qacsv
~~~~ Queries a CSVs: construcción de archivos '.csv' según listado en: 'listas/CSVs_list_fsd601.xlsx' ~~~~
        --> LOG:  logs/qacsv_202402071328.log
Feb 07 13:28:14 ok_ > listas/CSVs_list_fsd601.xlsx leído correctamente:
   Periodo Carpeta Nombre archivo CSV             Server Base
0   202309     PDS             FSD601  172.31.119.50 Bantotal
Feb 07 13:28:14 ok_ > Fecha leída, Periodo: 202309.- Calculados; Fecha de corte: '20230930',
            Corte del mismo mes del año anterior: '20220930' 
Feb 07 13:28:14 inf_ Conexiones a DB a establecer:
 ['172.31.119.50 Bantotal']
Feb 07 13:28:14 inf_  DB_ Conectando con: 172.31.119.50 Bantotal...
Feb 07 13:28:14 ok_ > DB_ Conexión con 172.31.119.50 Bantotal ESTABLECIDA! (1 _ * 172.31.119.50 Bantotal *)
Feb 07 13:28:14 inf_ Iniciando procesamiento de queries a 172.31.119.50 Bantotal - 1 queries
Feb 07 13:28:14 inf_ 1 _ < FSD601.csv > Iniciando armado archivo 'C:/MTM_PCE_FSD601/CVS_202309/PDS/FSD601.csv'
 Query:
select ppmod,ppcta,ppoper,ppsbop,convert(float,count(*)) as Cuotas,convert(datetime,min(ppfvto),121) as ppfvto from fsd601 where pgcod=1 and ppmod in (101,102,103,104) and d601co='S' and d601fc<='20230930'
group by ppmod,ppcta,ppoper,ppsbop 
Feb 07 13:28:28 ok_ 1 _ < FSD601.csv > Creado exitosamente 'C:/MTM_PCE_FSD601/CVS_202309/PDS/FSD601.csv' 
Feb 07 13:28:28 ok_ >ok_ Se movió listas/CSVs_list_fsd601.xlsx a listas_hechas/CSVs_list_fsd601_202402071328.xlsx
Feb 07 13:28:28 inf_   
                             --- RESUMEN  ---                              

Lista de CSVs a Procesar  ->  listas/CSVs_list_fsd601.xlsx                      
Archivo de LOGs           ->  logs/qacsv_202402071328.log                       
Lista CSVs Renombrada     ->  listas_hechas/CSVs_list_fsd601_202402071328.xlsx  

 Nro. de CSVs a Procesar   Nro. de CSVs Creados    Nro. de CSVs NO creados 
            1                        1                        0            

 Nro. de CSVs Procesados   Nro. de CSVs Creados   Nro. de CSVs con Error de Procesamiento
            1                        1                        0            

# Resultado de CSVs Procesados en Conexiones Exitosas a DBs:
 - Lista de CSVs con Error de Procesamiento (0):

 - Lista de Errores de CSVs (0):

 - Lista de CSVs Creados (1):
   1 1 _ < FSD601.csv > - C:/MTM_PCE_FSD601/CVS_202309/PDS/FSD601.csv


# Resultado de Conexiones a DBs Consultadas:
 - Lista de conexiones a DB NO establecidas (0):

 - Lista de Errores de conexiones a DBs (0):

 - Lista de DBs Conectadas (1):
   1 1 _ * 172.31.119.50 Bantotal *


