Apr 01 14:30:38 inf_ > Ininciando ejecución de: qacsv
~~~~ Queries a CSVs: construcción de archivos '.csv' según listado en: 'listas/CSVs_list_PDS.xlsx' ~~~~
        --> LOG:  logs/qacsv_202504011430.log
Apr 01 14:30:38 ok_ > listas/CSVs_list_PDS.xlsx leído correctamente:
    Periodo Carpeta Nombre archivo CSV             Server Base
0  202502.0     PDS     FSD002 1°parte  172.31.119.50 Bantotal
1       NaN     NaN     FSD002 2°parte                     NaN
2       NaN     NaN             FSD010                     NaN
Apr 01 14:30:38 ok_ > Fecha leída, Periodo: 202502.- Calculados; Fecha de corte: '20250228',
            Corte del mismo mes del año anterior: '20240229' 
Apr 01 14:30:38 inf_ Conexiones a DB a establecer:
 ['172.31.119.50 Bantotal']
Apr 01 14:30:38 inf_  DB_ Conectando con: 172.31.119.50 Bantotal...
Apr 01 14:30:38 err_ >DB_ERROR en 10.a! Falló la conexión con 172.31.119.50 Bantotal
            ('28000', '[28000] [Microsoft][ODBC Driver 17 for SQL Server][SQL Server]Login failed for user \'usr_motor\'. (18456) (SQLDriverConnect); [28000] [Microsoft][ODBC Driver 17 for SQL Server][SQL Server]Cannot open database "Bantotal" requested by the login. The login failed. (4060); [28000] [Microsoft][ODBC Driver 17 for SQL Server]Invalid connection string attribute (0)')
Apr 01 14:30:38 err_ >ERROR en 11.a! No se pudo renombrar listas/CSVs_list_PDS.xlsx a listas/CSVs_list_PDS_202504011430_err.xlsx
                [WinError 32] The process cannot access the file because it is being used by another process: 'listas/CSVs_list_PDS.xlsx' -> 'listas/CSVs_list_PDS_202504011430_err.xlsx'
Apr 01 14:30:38 inf_   
                             --- RESUMEN  ---                              

Lista de CSVs a Procesar  ->  listas/CSVs_list_PDS.xlsx                         
Archivo de LOGs           ->  logs/qacsv_202504011430.log                       
Lista CSVs Renombrada     ->  listas/CSVs_list_PDS_202504011430_err.xlsx        

 Nro. de CSVs a Procesar   Nro. de CSVs Creados    Nro. de CSVs NO creados 
           14                        0                       14            

 Nro. de CSVs Procesados   Nro. de CSVs Creados   Nro. de CSVs con Error de Procesamiento
            0                        0                        0            

# Resultado de CSVs Procesados en Conexiones Exitosas a DBs:
 - Lista de CSVs con Error de Procesamiento (0):

 - Lista de Errores de CSVs (0):

 - Lista de CSVs Creados (0):


# Resultado de Conexiones a DBs Consultadas:
 - Lista de conexiones a DB NO establecidas (1):
   1 172.31.119.50 Bantotal

 - Lista de Errores de conexiones a DBs (1):
   1 >DB_ERROR en 10.a! Falló la conexión con 172.31.119.50 Bantotal
            ('28000', '[28000] [Microsoft][ODBC Driver 17 for SQL Server][SQL Server]Login failed for user \'usr_motor\'. (18456) (SQLDriverConnect); [28000] [Microsoft][ODBC Driver 17 for SQL Server][SQL Server]Cannot open database "Bantotal" requested by the login. The login failed. (4060); [28000] [Microsoft][ODBC Driver 17 for SQL Server]Invalid connection string attribute (0)')

 - Lista de DBs Conectadas (0):


